[2026-02-25 14:40:31] == Stop Server ==
[2026-02-25 14:40:31] Server reachable. Sending quit command...
[2026-02-25 14:40:35] Killing process on port 8765 (PID 27436 0 0)...
[2026-02-25 14:40:35] Process stopped.
[2026-02-25 14:40:58] == Stop Server ==
[2026-02-25 14:40:58] Server reachable. Sending quit command...
[2026-02-25 14:41:00] Killing process on port 8765 (PID 0 0 0)...
[2026-02-25 14:41:00] Process stopped.
[2026-02-25 15:10:35] == Stop Server ==
[2026-02-25 15:10:37] Server not reachable via API (or already down). Falling back to port-kill...
[2026-02-25 15:10:40] Killing process on port 8765 (PID 19364 19364 0 19364 19364 19364 0 19364)...
[2026-02-25 15:10:40] Process stopped.
[2026-02-25 15:11:33] == Stop Server ==
[2026-02-25 15:11:33] Server reachable. Sending quit command...
[2026-02-25 15:11:35] Killing process on port 8765 (PID 0 0)...
[2026-02-25 15:11:35] Process stopped.
[2026-02-25 15:12:09] == Stop Server ==
[2026-02-25 15:12:11] Server not reachable via API (or already down). Falling back to port-kill...
[2026-02-25 15:12:12] Killing process on port 8765 (PID 35488 35488 35488 35488 35488 0 0)...
[2026-02-25 15:12:12] Process stopped.
[2026-02-25 15:12:56] == Stop Server ==
[2026-02-25 15:12:56] Server reachable. Sending quit command...
[2026-02-25 15:12:58] Killing process on port 8765 (PID 0 0 0)...
[2026-02-25 15:12:58] Process stopped.
